Limit  (cost=2461430.56..2461430.57 rows=1 width=334) (actual time=4963135.904..4963205.098 rows=4 loops=1)
  CTE year_total
    ->  Append  (cost=464307.98..1667350.57 rows=5041409 width=255) (actual time=3543.636..9612.342 rows=384208 loops=1)
          ->  Finalize GroupAggregate  (cost=464307.98..894402.06 rows=2880499 width=255) (actual time=3543.635..5112.452 rows=190581 loops=1)
"                Group Key: customer.c_customer_id, customer.c_first_name, customer.c_last_name, customer.c_preferred_cust_flag, customer.c_birth_country, customer.c_login, customer.c_email_address, date_dim.d_year"
                ->  Gather Merge  (cost=464307.98..798385.42 rows=2400416 width=223) (actual time=3543.615..4938.640 rows=202319 loops=1)
                      Workers Planned: 2
                      Workers Launched: 2
                      ->  Partial GroupAggregate  (cost=463307.95..520317.83 rows=1200208 width=223) (actual time=3494.130..4716.597 rows=67440 loops=3)
"                            Group Key: customer.c_customer_id, customer.c_first_name, customer.c_last_name, customer.c_preferred_cust_flag, customer.c_birth_country, customer.c_login, customer.c_email_address, date_dim.d_year"
                            ->  Sort  (cost=463307.95..466308.47 rows=1200208 width=213) (actual time=3494.073..4092.779 rows=895151 loops=3)
"                                  Sort Key: customer.c_customer_id, customer.c_first_name, customer.c_last_name, customer.c_preferred_cust_flag, customer.c_birth_country, customer.c_login, customer.c_email_address, date_dim.d_year"
                                  Sort Method: external merge  Disk: 150928kB
                                  Worker 0:  Sort Method: external merge  Disk: 157528kB
                                  Worker 1:  Sort Method: external merge  Disk: 153048kB
                                  ->  Parallel Hash Join  (cost=8015.36..95976.83 rows=1200208 width=213) (actual time=713.790..1058.383 rows=895151 loops=3)
                                        Hash Cond: (store_sales.ss_sold_date_sk = date_dim.d_date_sk)
                                        ->  Parallel Hash Join  (cost=5643.54..90454.28 rows=1200208 width=213) (actual time=705.916..928.104 rows=916884 loops=3)
                                              Hash Cond: (store_sales.ss_customer_sk = customer.c_customer_sk)
                                              ->  Parallel Seq Scan on store_sales  (cost=0.00..63698.08 rows=1200208 width=30) (actual time=0.049..142.278 rows=960135 loops=3)
                                              ->  Parallel Hash  (cost=3356.24..3356.24 rows=58824 width=191) (actual time=401.742..401.747 rows=33333 loops=3)
                                                    Buckets: 32768  Batches: 8  Memory Usage: 2400kB
                                                    ->  Parallel Seq Scan on customer  (cost=0.00..3356.24 rows=58824 width=191) (actual time=264.778..272.393 rows=33333 loops=3)
                                        ->  Parallel Hash  (cost=1834.70..1834.70 rows=42970 width=8) (actual time=7.652..7.654 rows=24350 loops=3)
                                              Buckets: 131072  Batches: 1  Memory Usage: 3904kB
                                              ->  Parallel Seq Scan on date_dim  (cost=0.00..1834.70 rows=42970 width=8) (actual time=0.013..7.327 rows=73049 loops=1)
          ->  Finalize GroupAggregate  (cost=247346.68..462584.36 rows=1441526 width=255) (actual time=2050.117..2929.931 rows=136978 loops=1)
"                Group Key: customer_1.c_customer_id, customer_1.c_first_name, customer_1.c_last_name, customer_1.c_preferred_cust_flag, customer_1.c_birth_country, customer_1.c_login, customer_1.c_email_address, date_dim_1.d_year"
                ->  Gather Merge  (cost=247346.68..414533.48 rows=1201272 width=223) (actual time=2050.108..2815.001 rows=143647 loops=1)
                      Workers Planned: 2
                      Workers Launched: 2
                      ->  Partial GroupAggregate  (cost=246346.65..274876.86 rows=600636 width=223) (actual time=2020.783..2669.074 rows=47882 loops=3)
"                            Group Key: customer_1.c_customer_id, customer_1.c_first_name, customer_1.c_last_name, customer_1.c_preferred_cust_flag, customer_1.c_birth_country, customer_1.c_login, customer_1.c_email_address, date_dim_1.d_year"
                            ->  Sort  (cost=246346.65..247848.24 rows=600636 width=216) (actual time=2020.721..2339.175 rows=476980 loops=3)
"                                  Sort Key: customer_1.c_customer_id, customer_1.c_first_name, customer_1.c_last_name, customer_1.c_preferred_cust_flag, customer_1.c_birth_country, customer_1.c_login, customer_1.c_email_address, date_dim_1.d_year"
                                  Sort Method: external merge  Disk: 83072kB
                                  Worker 0:  Sort Method: external merge  Disk: 83656kB
                                  Worker 1:  Sort Method: external merge  Disk: 84344kB
                                  ->  Parallel Hash Join  (cost=8015.36..65518.21 rows=600636 width=216) (actual time=609.991..794.595 rows=476980 loops=3)
                                        Hash Cond: (catalog_sales.cs_sold_date_sk = date_dim_1.d_date_sk)
                                        ->  Parallel Hash Join  (cost=5643.54..61569.63 rows=600636 width=216) (actual time=600.821..725.910 rows=478173 loops=3)
                                              Hash Cond: (catalog_sales.cs_bill_customer_sk = customer_1.c_customer_sk)
                                              ->  Parallel Seq Scan on catalog_sales  (cost=0.00..43411.36 rows=600636 width=33) (actual time=0.027..101.225 rows=480516 loops=3)
                                              ->  Parallel Hash  (cost=3356.24..3356.24 rows=58824 width=191) (actual time=405.037..405.038 rows=33333 loops=3)
                                                    Buckets: 32768  Batches: 8  Memory Usage: 2400kB
                                                    ->  Parallel Seq Scan on customer customer_1  (cost=0.00..3356.24 rows=58824 width=191) (actual time=264.551..271.154 rows=33333 loops=3)
                                        ->  Parallel Hash  (cost=1834.70..1834.70 rows=42970 width=8) (actual time=8.942..8.943 rows=24350 loops=3)
                                              Buckets: 131072  Batches: 1  Memory Usage: 3904kB
                                              ->  Parallel Seq Scan on date_dim date_dim_1  (cost=0.00..1834.70 rows=42970 width=8) (actual time=0.049..8.004 rows=73049 loops=1)
          ->  Finalize GroupAggregate  (cost=127330.22..234743.02 rows=719384 width=255) (actual time=1108.264..1547.577 rows=56649 loops=1)
"                Group Key: customer_2.c_customer_id, customer_2.c_first_name, customer_2.c_last_name, customer_2.c_preferred_cust_flag, customer_2.c_birth_country, customer_2.c_login, customer_2.c_email_address, date_dim_2.d_year"
                ->  Gather Merge  (cost=127330.22..210763.57 rows=599486 width=223) (actual time=1108.241..1498.914 rows=58988 loops=1)
                      Workers Planned: 2
                      Workers Launched: 2
                      ->  Partial GroupAggregate  (cost=126330.19..140567.99 rows=299743 width=223) (actual time=1076.382..1409.880 rows=19663 loops=3)
"                            Group Key: customer_2.c_customer_id, customer_2.c_first_name, customer_2.c_last_name, customer_2.c_preferred_cust_flag, customer_2.c_birth_country, customer_2.c_login, customer_2.c_email_address, date_dim_2.d_year"
                            ->  Sort  (cost=126330.19..127079.55 rows=299743 width=216) (actual time=1076.320..1244.010 rows=239706 loops=3)
"                                  Sort Key: customer_2.c_customer_id, customer_2.c_first_name, customer_2.c_last_name, customer_2.c_preferred_cust_flag, customer_2.c_birth_country, customer_2.c_login, customer_2.c_email_address, date_dim_2.d_year"
                                  Sort Method: external merge  Disk: 41584kB
                                  Worker 0:  Sort Method: external merge  Disk: 42864kB
                                  Worker 1:  Sort Method: external merge  Disk: 41832kB
                                  ->  Parallel Hash Join  (cost=8015.36..37589.52 rows=299743 width=216) (actual time=460.930..553.059 rows=239706 loops=3)
                                        Hash Cond: (web_sales.ws_sold_date_sk = date_dim_2.d_date_sk)
                                        ->  Parallel Hash Join  (cost=5643.54..34430.83 rows=299743 width=216) (actual time=453.495..513.875 rows=239739 loops=3)
                                              Hash Cond: (web_sales.ws_bill_customer_sk = customer_2.c_customer_sk)
                                              ->  Parallel Seq Scan on web_sales  (cost=0.00..21764.43 rows=299743 width=33) (actual time=0.108..44.492 rows=239795 loops=3)
                                              ->  Parallel Hash  (cost=3356.24..3356.24 rows=58824 width=191) (actual time=363.209..363.213 rows=33333 loops=3)
                                                    Buckets: 32768  Batches: 8  Memory Usage: 2400kB
                                                    ->  Parallel Seq Scan on customer customer_2  (cost=0.00..3356.24 rows=58824 width=191) (actual time=238.803..243.527 rows=33333 loops=3)
                                        ->  Parallel Hash  (cost=1834.70..1834.70 rows=42970 width=8) (actual time=7.068..7.070 rows=24350 loops=3)
                                              Buckets: 131072  Batches: 1  Memory Usage: 3904kB
                                              ->  Parallel Seq Scan on date_dim date_dim_2  (cost=0.00..1834.70 rows=42970 width=8) (actual time=0.027..6.564 rows=73049 loops=1)
  ->  Sort  (cost=794079.99..794080.00 rows=1 width=334) (actual time=4961321.130..4961321.137 rows=4 loops=1)
"        Sort Key: t_s_secyear.customer_id, t_s_secyear.customer_first_name, t_s_secyear.customer_last_name, t_s_secyear.customer_birth_country"
        Sort Method: quicksort  Memory: 25kB
        ->  Nested Loop  (cost=0.00..794079.98 rows=1 width=334) (actual time=51175.512..4961321.097 rows=4 loops=1)
              Join Filter: ((t_s_secyear.customer_id = t_w_secyear.customer_id) AND (CASE WHEN (t_c_firstyear.year_total > '0'::numeric) THEN (t_c_secyear.year_total / t_c_firstyear.year_total) ELSE NULL::numeric END > CASE WHEN (t_w_firstyear.year_total > '0'::numeric) THEN (t_w_secyear.year_total / t_w_firstyear.year_total) ELSE NULL::numeric END))
              Rows Removed by Join Filter: 568799
              ->  Nested Loop  (cost=0.00..668041.61 rows=1 width=702) (actual time=51122.697..4958117.699 rows=51 loops=1)
                    Join Filter: ((t_s_secyear.customer_id = t_c_secyear.customer_id) AND (CASE WHEN (t_c_firstyear.year_total > '0'::numeric) THEN (t_c_secyear.year_total / t_c_firstyear.year_total) ELSE NULL::numeric END > CASE WHEN (t_s_firstyear.year_total > '0'::numeric) THEN (t_s_secyear.year_total / t_s_firstyear.year_total) ELSE NULL::numeric END))
                    Rows Removed by Join Filter: 11089345
                    ->  Nested Loop  (cost=0.00..542003.23 rows=1 width=666) (actual time=37745.841..4931726.479 rows=404 loops=1)
                          Join Filter: (t_s_firstyear.customer_id = t_s_secyear.customer_id)
                          Rows Removed by Join Filter: 41579520
                          ->  Nested Loop  (cost=0.00..415963.60 rows=2 width=300) (actual time=10013.107..4858793.858 rows=1087 loops=1)
                                Join Filter: (t_s_firstyear.customer_id = t_w_firstyear.customer_id)
                                Rows Removed by Join Filter: 108941208
                                ->  Nested Loop  (cost=0.00..277316.77 rows=9 width=200) (actual time=9947.729..3868101.100 rows=9835 loops=1)
                                      Join Filter: (t_s_firstyear.customer_id = t_c_firstyear.customer_id)
                                      Rows Removed by Join Filter: 992879513
                                      ->  CTE Scan on year_total t_s_firstyear  (cost=0.00..138638.75 rows=42 width=100) (actual time=3543.643..3962.512 rows=37708 loops=1)
                                            Filter: ((year_total > '0'::numeric) AND (sale_type = 's'::text) AND (dyear = 1999))
                                            Rows Removed by Filter: 346500
                                      ->  CTE Scan on year_total t_c_firstyear  (cost=0.00..138638.75 rows=42 width=100) (actual time=50.207..101.219 rows=26331 loops=37708)
                                            Filter: ((year_total > '0'::numeric) AND (sale_type = 'c'::text) AND (dyear = 1999))
                                            Rows Removed by Filter: 357877
                                ->  CTE Scan on year_total t_w_firstyear  (cost=0.00..138638.75 rows=42 width=100) (actual time=84.849..100.226 rows=11077 loops=9835)
                                      Filter: ((year_total > '0'::numeric) AND (sale_type = 'w'::text) AND (dyear = 1999))
                                      Rows Removed by Filter: 373131
                          ->  CTE Scan on year_total t_s_secyear  (cost=0.00..126035.23 rows=126 width=366) (actual time=0.008..65.377 rows=38252 loops=1087)
                                Filter: ((sale_type = 's'::text) AND (dyear = 2000))
                                Rows Removed by Filter: 345956
                    ->  CTE Scan on year_total t_c_secyear  (cost=0.00..126035.23 rows=126 width=100) (actual time=30.871..64.080 rows=27449 loops=404)
                          Filter: ((sale_type = 'c'::text) AND (dyear = 2000))
                          Rows Removed by Filter: 356759
              ->  CTE Scan on year_total t_w_secyear  (cost=0.00..126035.23 rows=126 width=100) (actual time=52.515..62.289 rows=11153 loops=51)
                    Filter: ((sale_type = 'w'::text) AND (dyear = 2000))
                    Rows Removed by Filter: 373055
Planning Time: 2.292 ms
JIT:
  Functions: 250
"  Options: Inlining true, Optimization true, Expressions true, Deforming true"
"  Timing: Generation 27.531 ms, Inlining 318.874 ms, Optimization 2238.002 ms, Emission 1557.811 ms, Total 4142.219 ms"
Execution Time: 4963260.141 ms
