Limit  (cost=1226562.14..1226595.18 rows=100 width=334)
  CTE year_total_store
    ->  Finalize GroupAggregate  (cost=453759.98..874852.50 rows=2880499 width=255)
"          Group Key: customer.c_customer_id, customer.c_first_name, customer.c_last_name, customer.c_preferred_cust_flag, customer.c_birth_country, customer.c_login, customer.c_email_address, date_dim.d_year"
          ->  Gather Merge  (cost=453759.98..778835.86 rows=2400416 width=223)
                Workers Planned: 2
                ->  Partial GroupAggregate  (cost=452759.95..500768.27 rows=1200208 width=223)
"                      Group Key: customer.c_customer_id, customer.c_first_name, customer.c_last_name, customer.c_preferred_cust_flag, customer.c_birth_country, customer.c_login, customer.c_email_address, date_dim.d_year"
                      ->  Sort  (cost=452759.95..455760.47 rows=1200208 width=201)
"                            Sort Key: customer.c_customer_id, customer.c_first_name, customer.c_last_name, customer.c_preferred_cust_flag, customer.c_birth_country, customer.c_login, customer.c_email_address, date_dim.d_year"
                            ->  Parallel Hash Join  (cost=8015.36..93632.83 rows=1200208 width=201)
                                  Hash Cond: (store_sales.ss_sold_date_sk = date_dim.d_date_sk)
                                  ->  Parallel Hash Join  (cost=5643.54..88110.28 rows=1200208 width=201)
                                        Hash Cond: (store_sales.ss_customer_sk = customer.c_customer_sk)
                                        ->  Parallel Seq Scan on store_sales  (cost=0.00..63698.08 rows=1200208 width=18)
                                        ->  Parallel Hash  (cost=3356.24..3356.24 rows=58824 width=191)
                                              ->  Parallel Seq Scan on customer  (cost=0.00..3356.24 rows=58824 width=191)
                                  ->  Parallel Hash  (cost=1834.70..1834.70 rows=42970 width=8)
                                        ->  Parallel Seq Scan on date_dim  (cost=0.00..1834.70 rows=42970 width=8)
  CTE year_total_web
    ->  Finalize GroupAggregate  (cost=124109.22..229273.95 rows=719384 width=255)
"          Group Key: customer_1.c_customer_id, customer_1.c_first_name, customer_1.c_last_name, customer_1.c_preferred_cust_flag, customer_1.c_birth_country, customer_1.c_login, customer_1.c_email_address, date_dim_1.d_year"
          ->  Gather Merge  (cost=124109.22..205294.50 rows=599486 width=223)
                Workers Planned: 2
                ->  Partial GroupAggregate  (cost=123109.19..135098.91 rows=299743 width=223)
"                      Group Key: customer_1.c_customer_id, customer_1.c_first_name, customer_1.c_last_name, customer_1.c_preferred_cust_flag, customer_1.c_birth_country, customer_1.c_login, customer_1.c_email_address, date_dim_1.d_year"
                      ->  Sort  (cost=123109.19..123858.55 rows=299743 width=204)
"                            Sort Key: customer_1.c_customer_id, customer_1.c_first_name, customer_1.c_last_name, customer_1.c_preferred_cust_flag, customer_1.c_birth_country, customer_1.c_login, customer_1.c_email_address, date_dim_1.d_year"
                            ->  Parallel Hash Join  (cost=8015.36..36419.52 rows=299743 width=204)
                                  Hash Cond: (web_sales.ws_sold_date_sk = date_dim_1.d_date_sk)
                                  ->  Parallel Hash Join  (cost=5643.54..33260.83 rows=299743 width=204)
                                        Hash Cond: (web_sales.ws_bill_customer_sk = customer_1.c_customer_sk)
                                        ->  Parallel Seq Scan on web_sales  (cost=0.00..21764.43 rows=299743 width=21)
                                        ->  Parallel Hash  (cost=3356.24..3356.24 rows=58824 width=191)
                                              ->  Parallel Seq Scan on customer customer_1  (cost=0.00..3356.24 rows=58824 width=191)
                                  ->  Parallel Hash  (cost=1834.70..1834.70 rows=42970 width=8)
                                        ->  Parallel Seq Scan on date_dim date_dim_1  (cost=0.00..1834.70 rows=42970 width=8)
  ->  Incremental Sort  (cost=122435.69..4227559.05 rows=12425183 width=334)
"        Sort Key: t_s_secyear.customer_id, t_s_secyear.customer_first_name, t_s_secyear.customer_last_name, t_s_secyear.customer_birth_country"
        Presorted Key: t_s_secyear.customer_id
        ->  Merge Join  (cost=102665.48..3344386.44 rows=12425183 width=334)
              Merge Cond: (t_s_firstyear.customer_id = t_s_secyear.customer_id)
              Join Filter: ((t_w_secyear.year_total / t_w_firstyear.year_total) > (t_s_secyear.year_total / t_s_firstyear.year_total))
              ->  Nested Loop  (cost=34444.50..2436135.61 rows=517644 width=300)
                    Join Filter: (t_w_secyear.customer_id = t_s_firstyear.customer_id)
                    ->  Merge Join  (cost=34444.50..34773.96 rows=21564 width=200)
                          Merge Cond: (t_w_firstyear.customer_id = t_w_secyear.customer_id)
                          ->  Sort  (cost=18045.91..18048.91 rows=1199 width=100)
                                Sort Key: t_w_firstyear.customer_id
                                ->  CTE Scan on year_total_web t_w_firstyear  (cost=0.00..17984.60 rows=1199 width=100)
                                      Filter: ((year_total > '0'::numeric) AND (dyear = 2001))
                          ->  Sort  (cost=16398.59..16407.58 rows=3597 width=100)
                                Sort Key: t_w_secyear.customer_id
                                ->  CTE Scan on year_total_web t_w_secyear  (cost=0.00..16186.14 rows=3597 width=100)
                                      Filter: (dyear = 2002)
                    ->  CTE Scan on year_total_store t_s_firstyear  (cost=0.00..72012.48 rows=4801 width=100)
                          Filter: ((year_total > '0'::numeric) AND (dyear = 2001))
              ->  Materialize  (cost=68220.97..68292.98 rows=14402 width=366)
                    ->  Sort  (cost=68220.97..68256.98 rows=14402 width=366)
                          Sort Key: t_s_secyear.customer_id
                          ->  CTE Scan on year_total_store t_s_secyear  (cost=0.00..64811.23 rows=14402 width=366)
                                Filter: (dyear = 2002)
JIT:
  Functions: 85
"  Options: Inlining true, Optimization true, Expressions true, Deforming true"
