Limit  (cost=2461430.56..2461430.57 rows=1 width=334)
  CTE year_total
    ->  Append  (cost=464307.98..1667350.57 rows=5041409 width=255)
          ->  Finalize GroupAggregate  (cost=464307.98..894402.06 rows=2880499 width=255)
"                Group Key: customer.c_customer_id, customer.c_first_name, customer.c_last_name, customer.c_preferred_cust_flag, customer.c_birth_country, customer.c_login, customer.c_email_address, date_dim.d_year"
                ->  Gather Merge  (cost=464307.98..798385.42 rows=2400416 width=223)
                      Workers Planned: 2
                      ->  Partial GroupAggregate  (cost=463307.95..520317.83 rows=1200208 width=223)
"                            Group Key: customer.c_customer_id, customer.c_first_name, customer.c_last_name, customer.c_preferred_cust_flag, customer.c_birth_country, customer.c_login, customer.c_email_address, date_dim.d_year"
                            ->  Sort  (cost=463307.95..466308.47 rows=1200208 width=213)
"                                  Sort Key: customer.c_customer_id, customer.c_first_name, customer.c_last_name, customer.c_preferred_cust_flag, customer.c_birth_country, customer.c_login, customer.c_email_address, date_dim.d_year"
                                  ->  Parallel Hash Join  (cost=8015.36..95976.83 rows=1200208 width=213)
                                        Hash Cond: (store_sales.ss_sold_date_sk = date_dim.d_date_sk)
                                        ->  Parallel Hash Join  (cost=5643.54..90454.28 rows=1200208 width=213)
                                              Hash Cond: (store_sales.ss_customer_sk = customer.c_customer_sk)
                                              ->  Parallel Seq Scan on store_sales  (cost=0.00..63698.08 rows=1200208 width=30)
                                              ->  Parallel Hash  (cost=3356.24..3356.24 rows=58824 width=191)
                                                    ->  Parallel Seq Scan on customer  (cost=0.00..3356.24 rows=58824 width=191)
                                        ->  Parallel Hash  (cost=1834.70..1834.70 rows=42970 width=8)
                                              ->  Parallel Seq Scan on date_dim  (cost=0.00..1834.70 rows=42970 width=8)
          ->  Finalize GroupAggregate  (cost=247346.68..462584.36 rows=1441526 width=255)
"                Group Key: customer_1.c_customer_id, customer_1.c_first_name, customer_1.c_last_name, customer_1.c_preferred_cust_flag, customer_1.c_birth_country, customer_1.c_login, customer_1.c_email_address, date_dim_1.d_year"
                ->  Gather Merge  (cost=247346.68..414533.48 rows=1201272 width=223)
                      Workers Planned: 2
                      ->  Partial GroupAggregate  (cost=246346.65..274876.86 rows=600636 width=223)
"                            Group Key: customer_1.c_customer_id, customer_1.c_first_name, customer_1.c_last_name, customer_1.c_preferred_cust_flag, customer_1.c_birth_country, customer_1.c_login, customer_1.c_email_address, date_dim_1.d_year"
                            ->  Sort  (cost=246346.65..247848.24 rows=600636 width=216)
"                                  Sort Key: customer_1.c_customer_id, customer_1.c_first_name, customer_1.c_last_name, customer_1.c_preferred_cust_flag, customer_1.c_birth_country, customer_1.c_login, customer_1.c_email_address, date_dim_1.d_year"
                                  ->  Parallel Hash Join  (cost=8015.36..65518.21 rows=600636 width=216)
                                        Hash Cond: (catalog_sales.cs_sold_date_sk = date_dim_1.d_date_sk)
                                        ->  Parallel Hash Join  (cost=5643.54..61569.63 rows=600636 width=216)
                                              Hash Cond: (catalog_sales.cs_bill_customer_sk = customer_1.c_customer_sk)
                                              ->  Parallel Seq Scan on catalog_sales  (cost=0.00..43411.36 rows=600636 width=33)
                                              ->  Parallel Hash  (cost=3356.24..3356.24 rows=58824 width=191)
                                                    ->  Parallel Seq Scan on customer customer_1  (cost=0.00..3356.24 rows=58824 width=191)
                                        ->  Parallel Hash  (cost=1834.70..1834.70 rows=42970 width=8)
                                              ->  Parallel Seq Scan on date_dim date_dim_1  (cost=0.00..1834.70 rows=42970 width=8)
          ->  Finalize GroupAggregate  (cost=127330.22..234743.02 rows=719384 width=255)
"                Group Key: customer_2.c_customer_id, customer_2.c_first_name, customer_2.c_last_name, customer_2.c_preferred_cust_flag, customer_2.c_birth_country, customer_2.c_login, customer_2.c_email_address, date_dim_2.d_year"
                ->  Gather Merge  (cost=127330.22..210763.57 rows=599486 width=223)
                      Workers Planned: 2
                      ->  Partial GroupAggregate  (cost=126330.19..140567.99 rows=299743 width=223)
"                            Group Key: customer_2.c_customer_id, customer_2.c_first_name, customer_2.c_last_name, customer_2.c_preferred_cust_flag, customer_2.c_birth_country, customer_2.c_login, customer_2.c_email_address, date_dim_2.d_year"
                            ->  Sort  (cost=126330.19..127079.55 rows=299743 width=216)
"                                  Sort Key: customer_2.c_customer_id, customer_2.c_first_name, customer_2.c_last_name, customer_2.c_preferred_cust_flag, customer_2.c_birth_country, customer_2.c_login, customer_2.c_email_address, date_dim_2.d_year"
                                  ->  Parallel Hash Join  (cost=8015.36..37589.52 rows=299743 width=216)
                                        Hash Cond: (web_sales.ws_sold_date_sk = date_dim_2.d_date_sk)
                                        ->  Parallel Hash Join  (cost=5643.54..34430.83 rows=299743 width=216)
                                              Hash Cond: (web_sales.ws_bill_customer_sk = customer_2.c_customer_sk)
                                              ->  Parallel Seq Scan on web_sales  (cost=0.00..21764.43 rows=299743 width=33)
                                              ->  Parallel Hash  (cost=3356.24..3356.24 rows=58824 width=191)
                                                    ->  Parallel Seq Scan on customer customer_2  (cost=0.00..3356.24 rows=58824 width=191)
                                        ->  Parallel Hash  (cost=1834.70..1834.70 rows=42970 width=8)
                                              ->  Parallel Seq Scan on date_dim date_dim_2  (cost=0.00..1834.70 rows=42970 width=8)
  ->  Sort  (cost=794079.99..794080.00 rows=1 width=334)
"        Sort Key: t_s_secyear.customer_id, t_s_secyear.customer_first_name, t_s_secyear.customer_last_name, t_s_secyear.customer_birth_country"
        ->  Nested Loop  (cost=0.00..794079.98 rows=1 width=334)
              Join Filter: ((t_s_secyear.customer_id = t_w_secyear.customer_id) AND (CASE WHEN (t_c_firstyear.year_total > '0'::numeric) THEN (t_c_secyear.year_total / t_c_firstyear.year_total) ELSE NULL::numeric END > CASE WHEN (t_w_firstyear.year_total > '0'::numeric) THEN (t_w_secyear.year_total / t_w_firstyear.year_total) ELSE NULL::numeric END))
              ->  Nested Loop  (cost=0.00..668041.61 rows=1 width=702)
                    Join Filter: ((t_s_secyear.customer_id = t_c_secyear.customer_id) AND (CASE WHEN (t_c_firstyear.year_total > '0'::numeric) THEN (t_c_secyear.year_total / t_c_firstyear.year_total) ELSE NULL::numeric END > CASE WHEN (t_s_firstyear.year_total > '0'::numeric) THEN (t_s_secyear.year_total / t_s_firstyear.year_total) ELSE NULL::numeric END))
                    ->  Nested Loop  (cost=0.00..542003.23 rows=1 width=666)
                          Join Filter: (t_s_firstyear.customer_id = t_s_secyear.customer_id)
                          ->  Nested Loop  (cost=0.00..415963.60 rows=2 width=300)
                                Join Filter: (t_s_firstyear.customer_id = t_w_firstyear.customer_id)
                                ->  Nested Loop  (cost=0.00..277316.77 rows=9 width=200)
                                      Join Filter: (t_s_firstyear.customer_id = t_c_firstyear.customer_id)
                                      ->  CTE Scan on year_total t_s_firstyear  (cost=0.00..138638.75 rows=42 width=100)
                                            Filter: ((year_total > '0'::numeric) AND (sale_type = 's'::text) AND (dyear = 1999))
                                      ->  CTE Scan on year_total t_c_firstyear  (cost=0.00..138638.75 rows=42 width=100)
                                            Filter: ((year_total > '0'::numeric) AND (sale_type = 'c'::text) AND (dyear = 1999))
                                ->  CTE Scan on year_total t_w_firstyear  (cost=0.00..138638.75 rows=42 width=100)
                                      Filter: ((year_total > '0'::numeric) AND (sale_type = 'w'::text) AND (dyear = 1999))
                          ->  CTE Scan on year_total t_s_secyear  (cost=0.00..126035.23 rows=126 width=366)
                                Filter: ((sale_type = 's'::text) AND (dyear = 2000))
                    ->  CTE Scan on year_total t_c_secyear  (cost=0.00..126035.23 rows=126 width=100)
                          Filter: ((sale_type = 'c'::text) AND (dyear = 2000))
              ->  CTE Scan on year_total t_w_secyear  (cost=0.00..126035.23 rows=126 width=100)
                    Filter: ((sale_type = 'w'::text) AND (dyear = 2000))
JIT:
  Functions: 112
"  Options: Inlining true, Optimization true, Expressions true, Deforming true"
